<?xml version="1.0" encoding="UTF-8" ?>
<testsuite tests="28" failures="4" name="TestSuite" time="21.101" errors="0" skipped="24">
  <properties>
    <property name="java.runtime.name" value="Java(TM) SE Runtime Environment"/>
    <property name="sun.boot.library.path" value="C:\Program Files\Java\jdk1.8.0_301\jre\bin"/>
    <property name="java.vm.version" value="25.301-b09"/>
    <property name="java.vm.vendor" value="Oracle Corporation"/>
    <property name="maven.multiModuleProjectDirectory" value="C:\Users\Rinku PC\krish workspace\vtigerTesting"/>
    <property name="java.vendor.url" value="http://java.oracle.com/"/>
    <property name="path.separator" value=";"/>
    <property name="guice.disable.misplaced.annotation.check" value="true"/>
    <property name="java.vm.name" value="Java HotSpot(TM) 64-Bit Server VM"/>
    <property name="file.encoding.pkg" value="sun.io"/>
    <property name="user.script" value=""/>
    <property name="user.country" value="US"/>
    <property name="sun.java.launcher" value="SUN_STANDARD"/>
    <property name="sun.os.patch.level" value=""/>
    <property name="java.vm.specification.name" value="Java Virtual Machine Specification"/>
    <property name="user.dir" value="C:\Users\Rinku PC\krish workspace\vtigerTesting"/>
    <property name="java.runtime.version" value="1.8.0_301-b09"/>
    <property name="java.awt.graphicsenv" value="sun.awt.Win32GraphicsEnvironment"/>
    <property name="java.endorsed.dirs" value="C:\Program Files\Java\jdk1.8.0_301\jre\lib\endorsed"/>
    <property name="os.arch" value="amd64"/>
    <property name="java.io.tmpdir" value="C:\Users\RINKUP~1\AppData\Local\Temp\"/>
    <property name="line.separator" value="
"/>
    <property name="java.vm.specification.vendor" value="Oracle Corporation"/>
    <property name="user.variant" value=""/>
    <property name="os.name" value="Windows 10"/>
    <property name="classworlds.conf" value="C:\Program Files\apache-maven-3.5.3\bin\..\bin\m2.conf"/>
    <property name="sun.jnu.encoding" value="Cp1252"/>
    <property name="java.library.path" value="C:\Program Files\Java\jdk1.8.0_301\bin;C:\Windows\Sun\Java\bin;C:\Windows\system32;C:\Windows;C:\Program Files\Java\jdk1.8.0_301\bin;C:\Program Files\apache-maven-3.5.3\bin;C:\Windows\System32;C:\Users\Rinku PC\AppData\Roaming\npm;C:\Windows\System32;."/>
    <property name="maven.conf" value="C:\Program Files\apache-maven-3.5.3\bin\../conf"/>
    <property name="java.specification.name" value="Java Platform API Specification"/>
    <property name="java.class.version" value="52.0"/>
    <property name="sun.management.compiler" value="HotSpot 64-Bit Tiered Compilers"/>
    <property name="os.version" value="10.0"/>
    <property name="library.jansi.path" value="C:\Program Files\apache-maven-3.5.3\bin\..\lib\jansi-native"/>
    <property name="user.home" value="C:\Users\Rinku PC"/>
    <property name="user.timezone" value="Asia/Calcutta"/>
    <property name="java.awt.printerjob" value="sun.awt.windows.WPrinterJob"/>
    <property name="java.specification.version" value="1.8"/>
    <property name="file.encoding" value="Cp1252"/>
    <property name="user.name" value="Rinku PC"/>
    <property name="java.class.path" value="C:\Program Files\apache-maven-3.5.3\bin\..\boot\plexus-classworlds-2.5.2.jar"/>
    <property name="java.vm.specification.version" value="1.8"/>
    <property name="sun.arch.data.model" value="64"/>
    <property name="java.home" value="C:\Program Files\Java\jdk1.8.0_301\jre"/>
    <property name="sun.java.command" value="org.codehaus.plexus.classworlds.launcher.Launcher clean test"/>
    <property name="java.specification.vendor" value="Oracle Corporation"/>
    <property name="user.language" value="en"/>
    <property name="awt.toolkit" value="sun.awt.windows.WToolkit"/>
    <property name="java.vm.info" value="mixed mode"/>
    <property name="java.version" value="1.8.0_301"/>
    <property name="java.ext.dirs" value="C:\Program Files\Java\jdk1.8.0_301\jre\lib\ext;C:\Windows\Sun\Java\lib\ext"/>
    <property name="sun.boot.class.path" value="C:\Program Files\Java\jdk1.8.0_301\jre\lib\resources.jar;C:\Program Files\Java\jdk1.8.0_301\jre\lib\rt.jar;C:\Program Files\Java\jdk1.8.0_301\jre\lib\sunrsasign.jar;C:\Program Files\Java\jdk1.8.0_301\jre\lib\jsse.jar;C:\Program Files\Java\jdk1.8.0_301\jre\lib\jce.jar;C:\Program Files\Java\jdk1.8.0_301\jre\lib\charsets.jar;C:\Program Files\Java\jdk1.8.0_301\jre\lib\jfr.jar;C:\Program Files\Java\jdk1.8.0_301\jre\classes"/>
    <property name="sun.stderr.encoding" value="cp437"/>
    <property name="java.vendor" value="Oracle Corporation"/>
    <property name="maven.home" value="C:\Program Files\apache-maven-3.5.3\bin\.."/>
    <property name="file.separator" value="\"/>
    <property name="java.vendor.url.bug" value="http://bugreport.sun.com/bugreport/"/>
    <property name="sun.cpu.endian" value="little"/>
    <property name="sun.io.unicode.encoding" value="UnicodeLittle"/>
    <property name="sun.stdout.encoding" value="cp437"/>
    <property name="sun.desktop" value="windows"/>
    <property name="sun.cpu.isalist" value="amd64"/>
  </properties>
  <testcase classname="com.vtiger.qa.TestCase.Calculator_Test" name="setUp" time="6.96">
    <failure message="org.apache.commons.io.IOUtils.toString(Ljava/io/InputStream;Ljava/nio/charset/Charset;)Ljava/lang/String;" type="java.lang.NoSuchMethodError">java.lang.NoSuchMethodError: org.apache.commons.io.IOUtils.toString(Ljava/io/InputStream;Ljava/nio/charset/Charset;)Ljava/lang/String;
	at io.github.bonigarcia.wdm.versions.VersionDetector.getProperties(VersionDetector.java:232)
	at io.github.bonigarcia.wdm.versions.VersionDetector.getBrowserVersionFromTheShell(VersionDetector.java:137)
	at io.github.bonigarcia.wdm.WebDriverManager.getBrowserVersionFromTheShell(WebDriverManager.java:731)
	at io.github.bonigarcia.wdm.WebDriverManager.detectBrowserVersion(WebDriverManager.java:751)
	at io.github.bonigarcia.wdm.WebDriverManager.resolveDriverVersion(WebDriverManager.java:614)
	at io.github.bonigarcia.wdm.WebDriverManager.manage(WebDriverManager.java:565)
	at io.github.bonigarcia.wdm.WebDriverManager.setup(WebDriverManager.java:287)
	at com.vtiger.qa.base.Test_Base.Initialization(Test_Base.java:43)
	at com.vtiger.qa.TestCase.Calculator_Test.setUp(Calculator_Test.java:28)
</failure>
    <system-out>Configuring TestNG with: org.apache.maven.surefire.testng.conf.TestNG652Configurator@66048bfd
browser is chrome
</system-out>
  </testcase>
  <testcase classname="com.vtiger.qa.TestCase.Calculator_Test" name="CalculatorTest" time="0.001">
    <skipped/>
  </testcase>
  <testcase classname="com.vtiger.qa.TestCase.Calculator_Test" name="tearDown" time="0.001">
    <skipped/>
  </testcase>
  <testcase classname="com.vtiger.qa.TestCase.Home_PageTest" name="setUp" time="1.068">
    <failure message="org.apache.commons.io.IOUtils.toString(Ljava/io/InputStream;Ljava/nio/charset/Charset;)Ljava/lang/String;" type="java.lang.NoSuchMethodError">java.lang.NoSuchMethodError: org.apache.commons.io.IOUtils.toString(Ljava/io/InputStream;Ljava/nio/charset/Charset;)Ljava/lang/String;
	at io.github.bonigarcia.wdm.versions.VersionDetector.getProperties(VersionDetector.java:232)
	at io.github.bonigarcia.wdm.versions.VersionDetector.getBrowserVersionFromTheShell(VersionDetector.java:137)
	at io.github.bonigarcia.wdm.WebDriverManager.getBrowserVersionFromTheShell(WebDriverManager.java:731)
	at io.github.bonigarcia.wdm.WebDriverManager.detectBrowserVersion(WebDriverManager.java:751)
	at io.github.bonigarcia.wdm.WebDriverManager.resolveDriverVersion(WebDriverManager.java:614)
	at io.github.bonigarcia.wdm.WebDriverManager.manage(WebDriverManager.java:565)
	at io.github.bonigarcia.wdm.WebDriverManager.setup(WebDriverManager.java:287)
	at com.vtiger.qa.base.Test_Base.Initialization(Test_Base.java:43)
	at com.vtiger.qa.TestCase.Home_PageTest.setUp(Home_PageTest.java:26)
</failure>
    <system-out>browser is chrome
</system-out>
  </testcase>
  <testcase classname="com.vtiger.qa.TestCase.Home_PageTest" name="homePageCalTest" time="0">
    <skipped/>
  </testcase>
  <testcase classname="com.vtiger.qa.TestCase.Home_PageTest" name="tearDown" time="0">
    <skipped/>
  </testcase>
  <testcase classname="com.vtiger.qa.TestCase.Home_PageTest" name="ActionmarketTest" time="0">
    <skipped/>
  </testcase>
  <testcase classname="com.vtiger.qa.TestCase.Home_PageTest" name="setUp" time="0.003">
    <skipped/>
  </testcase>
  <testcase classname="com.vtiger.qa.TestCase.Home_PageTest" name="clickonmartTest" time="0.001">
    <skipped/>
  </testcase>
  <testcase classname="com.vtiger.qa.TestCase.Home_PageTest" name="tearDown" time="0.002">
    <skipped/>
  </testcase>
  <testcase classname="com.vtiger.qa.TestCase.Lead_PageTest" name="setUp" time="12.058">
    <failure message="org.apache.commons.io.IOUtils.toString(Ljava/io/InputStream;Ljava/nio/charset/Charset;)Ljava/lang/String;" type="java.lang.NoSuchMethodError">java.lang.NoSuchMethodError: org.apache.commons.io.IOUtils.toString(Ljava/io/InputStream;Ljava/nio/charset/Charset;)Ljava/lang/String;
	at io.github.bonigarcia.wdm.versions.VersionDetector.getProperties(VersionDetector.java:232)
	at io.github.bonigarcia.wdm.versions.VersionDetector.getBrowserVersionFromTheShell(VersionDetector.java:137)
	at io.github.bonigarcia.wdm.WebDriverManager.getBrowserVersionFromTheShell(WebDriverManager.java:731)
	at io.github.bonigarcia.wdm.WebDriverManager.detectBrowserVersion(WebDriverManager.java:751)
	at io.github.bonigarcia.wdm.WebDriverManager.resolveDriverVersion(WebDriverManager.java:614)
	at io.github.bonigarcia.wdm.WebDriverManager.manage(WebDriverManager.java:565)
	at io.github.bonigarcia.wdm.WebDriverManager.setup(WebDriverManager.java:287)
	at com.vtiger.qa.base.Test_Base.Initialization(Test_Base.java:43)
	at com.vtiger.qa.TestCase.Lead_PageTest.setUp(Lead_PageTest.java:37)
</failure>
    <system-out>Mr.
krish
rathore
abcd
7.838038755E9
jshwu@.com

Mr.
khushi
kumari
befg
7.878787878E9
jshsi@.com

Mr.
vansh
gupta
jshl
7.676767676E9
kuendh@12.com

Mr.
Akshit
sahu
siiej
6.565656565E9
jsjdhiw@123.com

browser is chrome
</system-out>
  </testcase>
  <testcase classname="com.vtiger.qa.TestCase.Lead_PageTest" name="Test_01" time="0">
    <skipped/>
  </testcase>
  <testcase classname="com.vtiger.qa.TestCase.Lead_PageTest" name="tearDown" time="0.001">
    <skipped/>
  </testcase>
  <testcase classname="com.vtiger.qa.TestCase.Lead_PageTest" name="setUp" time="0.001">
    <skipped/>
  </testcase>
  <testcase classname="com.vtiger.qa.TestCase.Lead_PageTest" name="Test_01" time="0">
    <skipped/>
  </testcase>
  <testcase classname="com.vtiger.qa.TestCase.Lead_PageTest" name="tearDown" time="0">
    <skipped/>
  </testcase>
  <testcase classname="com.vtiger.qa.TestCase.Lead_PageTest" name="setUp" time="0">
    <skipped/>
  </testcase>
  <testcase classname="com.vtiger.qa.TestCase.Lead_PageTest" name="Test_01" time="0.001">
    <skipped/>
  </testcase>
  <testcase classname="com.vtiger.qa.TestCase.Lead_PageTest" name="tearDown" time="0.001">
    <skipped/>
  </testcase>
  <testcase classname="com.vtiger.qa.TestCase.Lead_PageTest" name="setUp" time="0.003">
    <skipped/>
  </testcase>
  <testcase classname="com.vtiger.qa.TestCase.Lead_PageTest" name="Test_01" time="0">
    <skipped/>
  </testcase>
  <testcase classname="com.vtiger.qa.TestCase.Lead_PageTest" name="tearDown" time="0.001">
    <skipped/>
  </testcase>
  <testcase classname="com.vtiger.qa.TestCase.Login_PageTest" name="setUp" time="0.994">
    <failure message="org.apache.commons.io.IOUtils.toString(Ljava/io/InputStream;Ljava/nio/charset/Charset;)Ljava/lang/String;" type="java.lang.NoSuchMethodError">java.lang.NoSuchMethodError: org.apache.commons.io.IOUtils.toString(Ljava/io/InputStream;Ljava/nio/charset/Charset;)Ljava/lang/String;
	at io.github.bonigarcia.wdm.versions.VersionDetector.getProperties(VersionDetector.java:232)
	at io.github.bonigarcia.wdm.versions.VersionDetector.getBrowserVersionFromTheShell(VersionDetector.java:137)
	at io.github.bonigarcia.wdm.WebDriverManager.getBrowserVersionFromTheShell(WebDriverManager.java:731)
	at io.github.bonigarcia.wdm.WebDriverManager.detectBrowserVersion(WebDriverManager.java:751)
	at io.github.bonigarcia.wdm.WebDriverManager.resolveDriverVersion(WebDriverManager.java:614)
	at io.github.bonigarcia.wdm.WebDriverManager.manage(WebDriverManager.java:565)
	at io.github.bonigarcia.wdm.WebDriverManager.setup(WebDriverManager.java:287)
	at com.vtiger.qa.base.Test_Base.Initialization(Test_Base.java:43)
	at com.vtiger.qa.TestCase.Login_PageTest.setUp(Login_PageTest.java:24)
</failure>
    <system-out>browser is chrome
</system-out>
  </testcase>
  <testcase classname="com.vtiger.qa.TestCase.Login_PageTest" name="LoginPageTitleTest" time="0">
    <skipped/>
  </testcase>
  <testcase classname="com.vtiger.qa.TestCase.Login_PageTest" name="tearDown" time="0.001">
    <skipped/>
  </testcase>
  <testcase classname="com.vtiger.qa.TestCase.Login_PageTest" name="setUp" time="0.003">
    <skipped/>
  </testcase>
  <testcase classname="com.vtiger.qa.TestCase.Login_PageTest" name="loginTest" time="0">
    <skipped/>
  </testcase>
  <testcase classname="com.vtiger.qa.TestCase.Login_PageTest" name="tearDown" time="0.001">
    <skipped/>
  </testcase>
</testsuite>