<?xml version="1.0" encoding="UTF-8"?>
<!-- Generated by org.testng.reporters.JUnitXMLReporter -->
<testsuite hostname="DESKTOP-S8SMOAJ" ignored="0" name="Default test" tests="2" failures="0" timestamp="2021-10-22T13:56:24 IST" time="94.121" errors="0">
  <testcase name="@BeforeMethod setUp" time="93.506" classname="com.vtiger.qa.TestCase.Login_PageTest">
    <failure type="org.openqa.selenium.WebDriverException" message="chrome not reachable
Build info: version: &amp;apos;3.141.59&amp;apos;, revision: &amp;apos;e82be7d358&amp;apos;, time: &amp;apos;2018-11-14T08:17:03&amp;apos;
System info: host: &amp;apos;DESKTOP-S8SMOAJ&amp;apos;, ip: &amp;apos;192.168.148.211&amp;apos;, os.name: &amp;apos;Windows 10&amp;apos;, os.arch: &amp;apos;amd64&amp;apos;, os.version: &amp;apos;10.0&amp;apos;, java.version: &amp;apos;1.8.0_221&amp;apos;
Driver info: driver.version: ChromeDriver
remote stacktrace: Backtrace:
	Ordinal0 [0x002A3733+2504499]
	Ordinal0 [0x0023C401+2081793]
	Ordinal0 [0x001424F0+1058032]
	Ordinal0 [0x001374B5+1012917]
	Ordinal0 [0x0016005B+1179739]
	Ordinal0 [0x0015C58C+1164684]
	Ordinal0 [0x00159DC3+1154499]
	Ordinal0 [0x00189B82+1350530]
	Ordinal0 [0x001897DA+1349594]
	Ordinal0 [0x00185D4B+1334603]
	Ordinal0 [0x001622B4+1188532]
	Ordinal0 [0x00163149+1192265]
	GetHandleVerifier [0x0041FB8C+1512252]
	GetHandleVerifier [0x004CB0DF+2214031]
	GetHandleVerifier [0x00324BC3+484211]
	GetHandleVerifier [0x00323E69+480793]
	Ordinal0 [0x0024218D+2105741]
	Ordinal0 [0x002466E8+2123496]
	Ordinal0 [0x00246827+2123815]
	Ordinal0 [0x0024FB73+2161523]
	BaseThreadInitThunk [0x75463744+36]
	RtlSetCurrentTransaction [0x7777A064+212]
	RtlSetCurrentTransaction [0x7777A02F+159]
	(No symbol) [0x00000000]
">
      <![CDATA[org.openqa.selenium.WebDriverException: chrome not reachable
Build info: version: '3.141.59', revision: 'e82be7d358', time: '2018-11-14T08:17:03'
System info: host: 'DESKTOP-S8SMOAJ', ip: '192.168.148.211', os.name: 'Windows 10', os.arch: 'amd64', os.version: '10.0', java.version: '1.8.0_221'
Driver info: driver.version: ChromeDriver
remote stacktrace: Backtrace:
Ordinal0 [0x002A3733+2504499]
Ordinal0 [0x0023C401+2081793]
Ordinal0 [0x001424F0+1058032]
Ordinal0 [0x001374B5+1012917]
Ordinal0 [0x0016005B+1179739]
Ordinal0 [0x0015C58C+1164684]
Ordinal0 [0x00159DC3+1154499]
Ordinal0 [0x00189B82+1350530]
Ordinal0 [0x001897DA+1349594]
Ordinal0 [0x00185D4B+1334603]
Ordinal0 [0x001622B4+1188532]
Ordinal0 [0x00163149+1192265]
GetHandleVerifier [0x0041FB8C+1512252]
GetHandleVerifier [0x004CB0DF+2214031]
GetHandleVerifier [0x00324BC3+484211]
GetHandleVerifier [0x00323E69+480793]
Ordinal0 [0x0024218D+2105741]
Ordinal0 [0x002466E8+2123496]
Ordinal0 [0x00246827+2123815]
Ordinal0 [0x0024FB73+2161523]
BaseThreadInitThunk [0x75463744+36]
RtlSetCurrentTransaction [0x7777A064+212]
RtlSetCurrentTransaction [0x7777A02F+159]
(No symbol) [0x00000000]

at sun.reflect.NativeConstructorAccessorImpl.newInstance0(Native Method)
at sun.reflect.NativeConstructorAccessorImpl.newInstance(Unknown Source)
at sun.reflect.DelegatingConstructorAccessorImpl.newInstance(Unknown Source)
at java.lang.reflect.Constructor.newInstance(Unknown Source)
at org.openqa.selenium.remote.W3CHandshakeResponse.lambda$errorHandler$0(W3CHandshakeResponse.java:62)
at org.openqa.selenium.remote.HandshakeResponse.lambda$getResponseFunction$0(HandshakeResponse.java:30)
at org.openqa.selenium.remote.ProtocolHandshake.lambda$createSession$0(ProtocolHandshake.java:126)
at java.util.stream.ReferencePipeline$3$1.accept(Unknown Source)
at java.util.Spliterators$ArraySpliterator.tryAdvance(Unknown Source)
at java.util.stream.ReferencePipeline.forEachWithCancel(Unknown Source)
at java.util.stream.AbstractPipeline.copyIntoWithCancel(Unknown Source)
at java.util.stream.AbstractPipeline.copyInto(Unknown Source)
at java.util.stream.AbstractPipeline.wrapAndCopyInto(Unknown Source)
at java.util.stream.FindOps$FindOp.evaluateSequential(Unknown Source)
at java.util.stream.AbstractPipeline.evaluate(Unknown Source)
at java.util.stream.ReferencePipeline.findFirst(Unknown Source)
at org.openqa.selenium.remote.ProtocolHandshake.createSession(ProtocolHandshake.java:128)
at org.openqa.selenium.remote.ProtocolHandshake.createSession(ProtocolHandshake.java:74)
at org.openqa.selenium.remote.HttpCommandExecutor.execute(HttpCommandExecutor.java:136)
at org.openqa.selenium.remote.service.DriverCommandExecutor.execute(DriverCommandExecutor.java:83)
at org.openqa.selenium.remote.RemoteWebDriver.execute(RemoteWebDriver.java:552)
at org.openqa.selenium.remote.RemoteWebDriver.startSession(RemoteWebDriver.java:213)
at org.openqa.selenium.remote.RemoteWebDriver.<init>(RemoteWebDriver.java:131)
at org.openqa.selenium.chrome.ChromeDriver.<init>(ChromeDriver.java:181)
at org.openqa.selenium.chrome.ChromeDriver.<init>(ChromeDriver.java:168)
at org.openqa.selenium.chrome.ChromeDriver.<init>(ChromeDriver.java:123)
at com.vtiger.qa.base.Test_Base.Initialization(Test_Base.java:41)
at com.vtiger.qa.TestCase.Login_PageTest.setUp(Login_PageTest.java:24)
at sun.reflect.NativeMethodAccessorImpl.invoke0(Native Method)
at sun.reflect.NativeMethodAccessorImpl.invoke(Unknown Source)
at sun.reflect.DelegatingMethodAccessorImpl.invoke(Unknown Source)
at java.lang.reflect.Method.invoke(Unknown Source)
at org.testng.internal.MethodInvocationHelper.invokeMethod(MethodInvocationHelper.java:133)
at org.testng.internal.MethodInvocationHelper.invokeMethodConsideringTimeout(MethodInvocationHelper.java:62)
at org.testng.internal.ConfigInvoker.invokeConfigurationMethod(ConfigInvoker.java:385)
at org.testng.internal.ConfigInvoker.invokeConfigurations(ConfigInvoker.java:321)
at org.testng.internal.TestInvoker.runConfigMethods(TestInvoker.java:700)
at org.testng.internal.TestInvoker.invokeMethod(TestInvoker.java:527)
at org.testng.internal.TestInvoker.invokeTestMethod(TestInvoker.java:173)
at org.testng.internal.MethodRunner.runInSequence(MethodRunner.java:46)
at org.testng.internal.TestInvoker$MethodInvocationAgent.invoke(TestInvoker.java:824)
at org.testng.internal.TestInvoker.invokeTestMethods(TestInvoker.java:146)
at org.testng.internal.TestMethodWorker.invokeTestMethods(TestMethodWorker.java:146)
at org.testng.internal.TestMethodWorker.run(TestMethodWorker.java:128)
at java.util.ArrayList.forEach(Unknown Source)
at org.testng.TestRunner.privateRun(TestRunner.java:794)
at org.testng.TestRunner.run(TestRunner.java:596)
at org.testng.SuiteRunner.runTest(SuiteRunner.java:377)
at org.testng.SuiteRunner.runSequentially(SuiteRunner.java:371)
at org.testng.SuiteRunner.privateRun(SuiteRunner.java:332)
at org.testng.SuiteRunner.run(SuiteRunner.java:276)
at org.testng.SuiteRunnerWorker.runSuite(SuiteRunnerWorker.java:53)
at org.testng.SuiteRunnerWorker.run(SuiteRunnerWorker.java:96)
at org.testng.TestNG.runSuitesSequentially(TestNG.java:1212)
at org.testng.TestNG.runSuitesLocally(TestNG.java:1134)
at org.testng.TestNG.runSuites(TestNG.java:1063)
at org.testng.TestNG.run(TestNG.java:1031)
at org.testng.remote.AbstractRemoteTestNG.run(AbstractRemoteTestNG.java:115)
at org.testng.remote.RemoteTestNG.initAndRun(RemoteTestNG.java:251)
at org.testng.remote.RemoteTestNG.main(RemoteTestNG.java:77)
]]>
    </failure>
  </testcase> <!-- @BeforeMethod setUp -->
  <testcase name="@AfterMethod tearDown" time="-1.634891183588E9" classname="com.vtiger.qa.TestCase.Login_PageTest">
    <skipped/>
  </testcase> <!-- @AfterMethod tearDown -->
  <testcase name="@BeforeMethod setUp" time="-1.634891183755E9" classname="com.vtiger.qa.TestCase.Login_PageTest">
    <skipped/>
  </testcase> <!-- @BeforeMethod setUp -->
  <testcase name="@AfterMethod tearDown" time="-1.63489118378E9" classname="com.vtiger.qa.TestCase.Login_PageTest">
    <skipped/>
  </testcase> <!-- @AfterMethod tearDown -->
  <testcase name="LoginPageTitleTest" time="0.0" classname="com.vtiger.qa.TestCase.Login_PageTest">
    <skipped/>
  </testcase> <!-- LoginPageTitleTest -->
  <testcase name="loginTest" time="0.0" classname="com.vtiger.qa.TestCase.Login_PageTest">
    <skipped/>
  </testcase> <!-- loginTest -->
</testsuite> <!-- Default test -->
