<?xml version="1.0" encoding="UTF-8"?>
<!-- Generated by org.testng.reporters.JUnitXMLReporter -->
<testsuite hostname="DESKTOP-S8SMOAJ" ignored="0" name="Command line test" tests="10" failures="0" timestamp="2021-11-20T15:35:12 IST" time="20.105" errors="0">
  <testcase name="@BeforeMethod setUp" time="5.771" classname="com.vtiger.qa.TestCase.Calculator_Test">
    <failure type="java.lang.NoSuchMethodError" message="org.apache.commons.io.IOUtils.toString(Ljava/io/InputStream;Ljava/nio/charset/Charset;)Ljava/lang/String;">
      <![CDATA[java.lang.NoSuchMethodError: org.apache.commons.io.IOUtils.toString(Ljava/io/InputStream;Ljava/nio/charset/Charset;)Ljava/lang/String;
at io.github.bonigarcia.wdm.versions.VersionDetector.getProperties(VersionDetector.java:232)
at io.github.bonigarcia.wdm.versions.VersionDetector.getBrowserVersionFromTheShell(VersionDetector.java:137)
at io.github.bonigarcia.wdm.WebDriverManager.getBrowserVersionFromTheShell(WebDriverManager.java:731)
at io.github.bonigarcia.wdm.WebDriverManager.detectBrowserVersion(WebDriverManager.java:751)
at io.github.bonigarcia.wdm.WebDriverManager.resolveDriverVersion(WebDriverManager.java:614)
at io.github.bonigarcia.wdm.WebDriverManager.manage(WebDriverManager.java:565)
at io.github.bonigarcia.wdm.WebDriverManager.setup(WebDriverManager.java:287)
at com.vtiger.qa.base.Test_Base.Initialization(Test_Base.java:43)
at com.vtiger.qa.TestCase.Calculator_Test.setUp(Calculator_Test.java:28)
at java.util.ArrayList.forEach(ArrayList.java:1259)
... Removed 41 stack frames]]>
    </failure>
  </testcase> <!-- @BeforeMethod setUp -->
  <testcase name="@AfterMethod tearDown" time="-1.63740269745E9" classname="com.vtiger.qa.TestCase.Calculator_Test">
    <skipped/>
  </testcase> <!-- @AfterMethod tearDown -->
  <testcase name="@BeforeMethod setUp" time="1.057" classname="com.vtiger.qa.TestCase.Home_PageTest">
    <failure type="java.lang.NoSuchMethodError" message="org.apache.commons.io.IOUtils.toString(Ljava/io/InputStream;Ljava/nio/charset/Charset;)Ljava/lang/String;">
      <![CDATA[java.lang.NoSuchMethodError: org.apache.commons.io.IOUtils.toString(Ljava/io/InputStream;Ljava/nio/charset/Charset;)Ljava/lang/String;
at io.github.bonigarcia.wdm.versions.VersionDetector.getProperties(VersionDetector.java:232)
at io.github.bonigarcia.wdm.versions.VersionDetector.getBrowserVersionFromTheShell(VersionDetector.java:137)
at io.github.bonigarcia.wdm.WebDriverManager.getBrowserVersionFromTheShell(WebDriverManager.java:731)
at io.github.bonigarcia.wdm.WebDriverManager.detectBrowserVersion(WebDriverManager.java:751)
at io.github.bonigarcia.wdm.WebDriverManager.resolveDriverVersion(WebDriverManager.java:614)
at io.github.bonigarcia.wdm.WebDriverManager.manage(WebDriverManager.java:565)
at io.github.bonigarcia.wdm.WebDriverManager.setup(WebDriverManager.java:287)
at com.vtiger.qa.base.Test_Base.Initialization(Test_Base.java:43)
at com.vtiger.qa.TestCase.Home_PageTest.setUp(Home_PageTest.java:26)
at java.util.ArrayList.forEach(ArrayList.java:1259)
... Removed 41 stack frames]]>
    </failure>
  </testcase> <!-- @BeforeMethod setUp -->
  <testcase name="@AfterMethod tearDown" time="-1.637402698519E9" classname="com.vtiger.qa.TestCase.Home_PageTest">
    <skipped/>
  </testcase> <!-- @AfterMethod tearDown -->
  <testcase name="@BeforeMethod setUp" time="-1.637402698583E9" classname="com.vtiger.qa.TestCase.Home_PageTest">
    <skipped/>
  </testcase> <!-- @BeforeMethod setUp -->
  <testcase name="@AfterMethod tearDown" time="-1.637402698585E9" classname="com.vtiger.qa.TestCase.Home_PageTest">
    <skipped/>
  </testcase> <!-- @AfterMethod tearDown -->
  <testcase name="@BeforeMethod setUp" time="1.07" classname="com.vtiger.qa.TestCase.Lead_PageTest">
    <failure type="java.lang.NoSuchMethodError" message="org.apache.commons.io.IOUtils.toString(Ljava/io/InputStream;Ljava/nio/charset/Charset;)Ljava/lang/String;">
      <![CDATA[java.lang.NoSuchMethodError: org.apache.commons.io.IOUtils.toString(Ljava/io/InputStream;Ljava/nio/charset/Charset;)Ljava/lang/String;
at io.github.bonigarcia.wdm.versions.VersionDetector.getProperties(VersionDetector.java:232)
at io.github.bonigarcia.wdm.versions.VersionDetector.getBrowserVersionFromTheShell(VersionDetector.java:137)
at io.github.bonigarcia.wdm.WebDriverManager.getBrowserVersionFromTheShell(WebDriverManager.java:731)
at io.github.bonigarcia.wdm.WebDriverManager.detectBrowserVersion(WebDriverManager.java:751)
at io.github.bonigarcia.wdm.WebDriverManager.resolveDriverVersion(WebDriverManager.java:614)
at io.github.bonigarcia.wdm.WebDriverManager.manage(WebDriverManager.java:565)
at io.github.bonigarcia.wdm.WebDriverManager.setup(WebDriverManager.java:287)
at com.vtiger.qa.base.Test_Base.Initialization(Test_Base.java:43)
at com.vtiger.qa.TestCase.Lead_PageTest.setUp(Lead_PageTest.java:37)
at java.util.ArrayList.forEach(ArrayList.java:1259)
... Removed 41 stack frames]]>
    </failure>
  </testcase> <!-- @BeforeMethod setUp -->
  <testcase name="@AfterMethod tearDown" time="-1.637402710641E9" classname="com.vtiger.qa.TestCase.Lead_PageTest">
    <skipped/>
  </testcase> <!-- @AfterMethod tearDown -->
  <testcase name="@BeforeMethod setUp" time="-1.637402710643E9" classname="com.vtiger.qa.TestCase.Lead_PageTest">
    <skipped/>
  </testcase> <!-- @BeforeMethod setUp -->
  <testcase name="@AfterMethod tearDown" time="-1.637402710645E9" classname="com.vtiger.qa.TestCase.Lead_PageTest">
    <skipped/>
  </testcase> <!-- @AfterMethod tearDown -->
  <testcase name="@BeforeMethod setUp" time="-1.637402710647E9" classname="com.vtiger.qa.TestCase.Lead_PageTest">
    <skipped/>
  </testcase> <!-- @BeforeMethod setUp -->
  <testcase name="@AfterMethod tearDown" time="-1.637402710648E9" classname="com.vtiger.qa.TestCase.Lead_PageTest">
    <skipped/>
  </testcase> <!-- @AfterMethod tearDown -->
  <testcase name="@BeforeMethod setUp" time="-1.63740271065E9" classname="com.vtiger.qa.TestCase.Lead_PageTest">
    <skipped/>
  </testcase> <!-- @BeforeMethod setUp -->
  <testcase name="@AfterMethod tearDown" time="-1.637402710651E9" classname="com.vtiger.qa.TestCase.Lead_PageTest">
    <skipped/>
  </testcase> <!-- @AfterMethod tearDown -->
  <testcase name="@BeforeMethod setUp" time="0.988" classname="com.vtiger.qa.TestCase.Login_PageTest">
    <failure type="java.lang.NoSuchMethodError" message="org.apache.commons.io.IOUtils.toString(Ljava/io/InputStream;Ljava/nio/charset/Charset;)Ljava/lang/String;">
      <![CDATA[java.lang.NoSuchMethodError: org.apache.commons.io.IOUtils.toString(Ljava/io/InputStream;Ljava/nio/charset/Charset;)Ljava/lang/String;
at io.github.bonigarcia.wdm.versions.VersionDetector.getProperties(VersionDetector.java:232)
at io.github.bonigarcia.wdm.versions.VersionDetector.getBrowserVersionFromTheShell(VersionDetector.java:137)
at io.github.bonigarcia.wdm.WebDriverManager.getBrowserVersionFromTheShell(WebDriverManager.java:731)
at io.github.bonigarcia.wdm.WebDriverManager.detectBrowserVersion(WebDriverManager.java:751)
at io.github.bonigarcia.wdm.WebDriverManager.resolveDriverVersion(WebDriverManager.java:614)
at io.github.bonigarcia.wdm.WebDriverManager.manage(WebDriverManager.java:565)
at io.github.bonigarcia.wdm.WebDriverManager.setup(WebDriverManager.java:287)
at com.vtiger.qa.base.Test_Base.Initialization(Test_Base.java:43)
at com.vtiger.qa.TestCase.Login_PageTest.setUp(Login_PageTest.java:24)
at java.util.ArrayList.forEach(ArrayList.java:1259)
... Removed 41 stack frames]]>
    </failure>
  </testcase> <!-- @BeforeMethod setUp -->
  <testcase name="@AfterMethod tearDown" time="-1.637402711646E9" classname="com.vtiger.qa.TestCase.Login_PageTest">
    <skipped/>
  </testcase> <!-- @AfterMethod tearDown -->
  <testcase name="@BeforeMethod setUp" time="-1.637402711648E9" classname="com.vtiger.qa.TestCase.Login_PageTest">
    <skipped/>
  </testcase> <!-- @BeforeMethod setUp -->
  <testcase name="@AfterMethod tearDown" time="-1.63740271165E9" classname="com.vtiger.qa.TestCase.Login_PageTest">
    <skipped/>
  </testcase> <!-- @AfterMethod tearDown -->
  <testcase name="CalculatorTest" time="0.0" classname="com.vtiger.qa.TestCase.Calculator_Test">
    <skipped/>
  </testcase> <!-- CalculatorTest -->
  <testcase name="homePageCalTest" time="0.0" classname="com.vtiger.qa.TestCase.Home_PageTest">
    <skipped/>
  </testcase> <!-- homePageCalTest -->
  <testcase name="ActionmarketTest" time="0.0" classname="com.vtiger.qa.TestCase.Home_PageTest">
    <skipped/>
  </testcase> <!-- ActionmarketTest -->
  <testcase name="clickonmartTest" time="0.0" classname="com.vtiger.qa.TestCase.Home_PageTest">
    <skipped/>
  </testcase> <!-- clickonmartTest -->
  <testcase name="Test_01" time="0.0" classname="com.vtiger.qa.TestCase.Lead_PageTest">
    <skipped/>
  </testcase> <!-- Test_01 -->
  <testcase name="Test_01" time="0.0" classname="com.vtiger.qa.TestCase.Lead_PageTest">
    <skipped/>
  </testcase> <!-- Test_01 -->
  <testcase name="Test_01" time="0.0" classname="com.vtiger.qa.TestCase.Lead_PageTest">
    <skipped/>
  </testcase> <!-- Test_01 -->
  <testcase name="Test_01" time="0.0" classname="com.vtiger.qa.TestCase.Lead_PageTest">
    <skipped/>
  </testcase> <!-- Test_01 -->
  <testcase name="LoginPageTitleTest" time="0.0" classname="com.vtiger.qa.TestCase.Login_PageTest">
    <skipped/>
  </testcase> <!-- LoginPageTitleTest -->
  <testcase name="loginTest" time="0.0" classname="com.vtiger.qa.TestCase.Login_PageTest">
    <skipped/>
  </testcase> <!-- loginTest -->
</testsuite> <!-- Command line test -->
