<?xml version="1.0" encoding="UTF-8"?>
<!-- Generated by org.testng.reporters.JUnitXMLReporter -->
<testsuite hostname="DESKTOP-S8SMOAJ" ignored="1" name="Test" tests="1" failures="1" timestamp="2021-11-28T20:19:19 IST" time="100.716" errors="0">
  <testcase name="LoginPageTitleTest" time="0.219" classname="com.vtiger.qa.TestCase.Login_PageTest">
    <failure type="java.lang.AssertionError" message="testcasefail">
      <![CDATA[java.lang.AssertionError: testcasefail
at com.vtiger.qa.pages.Login_Page.verifyLoginPageTitle(Login_Page.java:30)
at com.vtiger.qa.TestCase.Login_PageTest.LoginPageTitleTest(Login_PageTest.java:30)
at java.util.ArrayList.forEach(ArrayList.java:1259)
... Removed 28 stack frames]]>
    </failure>
  </testcase> <!-- LoginPageTitleTest -->
  <testcase name="loginTest" time="0.0" classname="com.vtiger.qa.TestCase.Login_PageTest">
    <ignored/>
  </testcase> <!-- loginTest -->
</testsuite> <!-- Test -->
